2024/05/07 09:22:32 [error] [exception.CHttpException.404] CHttpException: Unable to resolve the request "index/gii". in /home/lpt/Belajar Pemerograman - Muhammad Daffa Nur Alif/Belajar-Yii1/yii1/framework/web/CWebApplication.php:286
Stack trace:
#0 /home/lpt/Belajar Pemerograman - Muhammad Daffa Nur Alif/Belajar-Yii1/yii1/framework/web/CWebApplication.php(141): CWebApplication->runController()
#1 /home/lpt/Belajar Pemerograman - Muhammad Daffa Nur Alif/Belajar-Yii1/yii1/framework/base/CApplication.php(185): CWebApplication->processRequest()
#2 /home/lpt/Belajar Pemerograman - Muhammad Daffa Nur Alif/Belajar-Yii1/yii1/framework/index.php(13): CApplication->run()
#3 {main}
REQUEST_URI=/framework/index/gii
---
2024/05/07 09:59:47 [error] [exception.CDbException] CDbException: CDbConnection failed to open the DB connection: SQLSTATE[HY000] [2002] No such file or directory in /home/lpt/Belajar Pemerograman - Muhammad Daffa Nur Alif/Belajar-Yii1/yii1/framework/db/CDbConnection.php:399
Stack trace:
#0 /home/lpt/Belajar Pemerograman - Muhammad Daffa Nur Alif/Belajar-Yii1/yii1/framework/db/CDbConnection.php(347): CDbConnection->open()
#1 /home/lpt/Belajar Pemerograman - Muhammad Daffa Nur Alif/Belajar-Yii1/yii1/framework/db/CDbConnection.php(325): CDbConnection->setActive()
#2 /home/lpt/Belajar Pemerograman - Muhammad Daffa Nur Alif/Belajar-Yii1/yii1/framework/base/CModule.php(394): CDbConnection->init()
#3 /home/lpt/Belajar Pemerograman - Muhammad Daffa Nur Alif/Belajar-Yii1/yii1/framework/base/CModule.php(103): CModule->getComponent()
#4 /home/lpt/Belajar Pemerograman - Muhammad Daffa Nur Alif/Belajar-Yii1/yii1/framework/gii/generators/model/ModelCode.php(60): CModule->__get()
#5 /home/lpt/Belajar Pemerograman - Muhammad Daffa Nur Alif/Belajar-Yii1/yii1/framework/web/CFormModel.php(39): ModelCode->init()
#6 /home/lpt/Belajar Pemerograman - Muhammad Daffa Nur Alif/Belajar-Yii1/yii1/framework/gii/CCodeGenerator.php(153): CFormModel->__construct()
#7 /home/lpt/Belajar Pemerograman - Muhammad Daffa Nur Alif/Belajar-Yii1/yii1/framework/gii/CCodeGenerator.php(63): CCodeGenerator->prepare()
#8 /home/lpt/Belajar Pemerograman - Muhammad Daffa Nur Alif/Belajar-Yii1/yii1/framework/web/actions/CInlineAction.php(49): CCodeGenerator->actionIndex()
#9 /home/lpt/Belajar Pemerograman - Muhammad Daffa Nur Alif/Belajar-Yii1/yii1/framework/web/CController.php(308): CInlineAction->runWithParams()
#10 /home/lpt/Belajar Pemerograman - Muhammad Daffa Nur Alif/Belajar-Yii1/yii1/framework/web/CController.php(286): CController->runAction()
#11 /home/lpt/Belajar Pemerograman - Muhammad Daffa Nur Alif/Belajar-Yii1/yii1/framework/web/CController.php(265): CController->runActionWithFilters()
#12 /home/lpt/Belajar Pemerograman - Muhammad Daffa Nur Alif/Belajar-Yii1/yii1/framework/web/CWebApplication.php(282): CController->run()
#13 /home/lpt/Belajar Pemerograman - Muhammad Daffa Nur Alif/Belajar-Yii1/yii1/framework/web/CWebApplication.php(141): CWebApplication->runController()
#14 /home/lpt/Belajar Pemerograman - Muhammad Daffa Nur Alif/Belajar-Yii1/yii1/framework/base/CApplication.php(185): CWebApplication->processRequest()
#15 /home/lpt/Belajar Pemerograman - Muhammad Daffa Nur Alif/Belajar-Yii1/yii1/framework/index.php(13): CApplication->run()
#16 {main}
REQUEST_URI=/index.php?r=gii/model/index
HTTP_REFERER=http://localhost:8080/index.php?r=gii
---
2024/05/07 09:59:51 [error] [exception.CDbException] CDbException: CDbConnection failed to open the DB connection: SQLSTATE[HY000] [2002] No such file or directory in /home/lpt/Belajar Pemerograman - Muhammad Daffa Nur Alif/Belajar-Yii1/yii1/framework/db/CDbConnection.php:399
Stack trace:
#0 /home/lpt/Belajar Pemerograman - Muhammad Daffa Nur Alif/Belajar-Yii1/yii1/framework/db/CDbConnection.php(347): CDbConnection->open()
#1 /home/lpt/Belajar Pemerograman - Muhammad Daffa Nur Alif/Belajar-Yii1/yii1/framework/db/CDbConnection.php(325): CDbConnection->setActive()
#2 /home/lpt/Belajar Pemerograman - Muhammad Daffa Nur Alif/Belajar-Yii1/yii1/framework/base/CModule.php(394): CDbConnection->init()
#3 /home/lpt/Belajar Pemerograman - Muhammad Daffa Nur Alif/Belajar-Yii1/yii1/framework/base/CModule.php(103): CModule->getComponent()
#4 /home/lpt/Belajar Pemerograman - Muhammad Daffa Nur Alif/Belajar-Yii1/yii1/framework/gii/generators/crud/CrudCode.php(44): CModule->__get()
#5 /home/lpt/Belajar Pemerograman - Muhammad Daffa Nur Alif/Belajar-Yii1/yii1/framework/web/CFormModel.php(39): CrudCode->init()
#6 /home/lpt/Belajar Pemerograman - Muhammad Daffa Nur Alif/Belajar-Yii1/yii1/framework/gii/CCodeGenerator.php(153): CFormModel->__construct()
#7 /home/lpt/Belajar Pemerograman - Muhammad Daffa Nur Alif/Belajar-Yii1/yii1/framework/gii/CCodeGenerator.php(63): CCodeGenerator->prepare()
#8 /home/lpt/Belajar Pemerograman - Muhammad Daffa Nur Alif/Belajar-Yii1/yii1/framework/web/actions/CInlineAction.php(49): CCodeGenerator->actionIndex()
#9 /home/lpt/Belajar Pemerograman - Muhammad Daffa Nur Alif/Belajar-Yii1/yii1/framework/web/CController.php(308): CInlineAction->runWithParams()
#10 /home/lpt/Belajar Pemerograman - Muhammad Daffa Nur Alif/Belajar-Yii1/yii1/framework/web/CController.php(286): CController->runAction()
#11 /home/lpt/Belajar Pemerograman - Muhammad Daffa Nur Alif/Belajar-Yii1/yii1/framework/web/CController.php(265): CController->runActionWithFilters()
#12 /home/lpt/Belajar Pemerograman - Muhammad Daffa Nur Alif/Belajar-Yii1/yii1/framework/web/CWebApplication.php(282): CController->run()
#13 /home/lpt/Belajar Pemerograman - Muhammad Daffa Nur Alif/Belajar-Yii1/yii1/framework/web/CWebApplication.php(141): CWebApplication->runController()
#14 /home/lpt/Belajar Pemerograman - Muhammad Daffa Nur Alif/Belajar-Yii1/yii1/framework/base/CApplication.php(185): CWebApplication->processRequest()
#15 /home/lpt/Belajar Pemerograman - Muhammad Daffa Nur Alif/Belajar-Yii1/yii1/framework/index.php(13): CApplication->run()
#16 {main}
REQUEST_URI=/index.php?r=gii/crud/index
HTTP_REFERER=http://localhost:8080/index.php?r=gii
---
2024/05/07 10:00:26 [error] [exception.CDbException] CDbException: CDbConnection failed to open the DB connection: SQLSTATE[HY000] [2002] No such file or directory in /home/lpt/Belajar Pemerograman - Muhammad Daffa Nur Alif/Belajar-Yii1/yii1/framework/db/CDbConnection.php:399
Stack trace:
#0 /home/lpt/Belajar Pemerograman - Muhammad Daffa Nur Alif/Belajar-Yii1/yii1/framework/db/CDbConnection.php(347): CDbConnection->open()
#1 /home/lpt/Belajar Pemerograman - Muhammad Daffa Nur Alif/Belajar-Yii1/yii1/framework/db/CDbConnection.php(325): CDbConnection->setActive()
#2 /home/lpt/Belajar Pemerograman - Muhammad Daffa Nur Alif/Belajar-Yii1/yii1/framework/base/CModule.php(394): CDbConnection->init()
#3 /home/lpt/Belajar Pemerograman - Muhammad Daffa Nur Alif/Belajar-Yii1/yii1/framework/base/CModule.php(103): CModule->getComponent()
#4 /home/lpt/Belajar Pemerograman - Muhammad Daffa Nur Alif/Belajar-Yii1/yii1/framework/gii/generators/model/ModelCode.php(60): CModule->__get()
#5 /home/lpt/Belajar Pemerograman - Muhammad Daffa Nur Alif/Belajar-Yii1/yii1/framework/web/CFormModel.php(39): ModelCode->init()
#6 /home/lpt/Belajar Pemerograman - Muhammad Daffa Nur Alif/Belajar-Yii1/yii1/framework/gii/CCodeGenerator.php(153): CFormModel->__construct()
#7 /home/lpt/Belajar Pemerograman - Muhammad Daffa Nur Alif/Belajar-Yii1/yii1/framework/gii/CCodeGenerator.php(63): CCodeGenerator->prepare()
#8 /home/lpt/Belajar Pemerograman - Muhammad Daffa Nur Alif/Belajar-Yii1/yii1/framework/web/actions/CInlineAction.php(49): CCodeGenerator->actionIndex()
#9 /home/lpt/Belajar Pemerograman - Muhammad Daffa Nur Alif/Belajar-Yii1/yii1/framework/web/CController.php(308): CInlineAction->runWithParams()
#10 /home/lpt/Belajar Pemerograman - Muhammad Daffa Nur Alif/Belajar-Yii1/yii1/framework/web/CController.php(286): CController->runAction()
#11 /home/lpt/Belajar Pemerograman - Muhammad Daffa Nur Alif/Belajar-Yii1/yii1/framework/web/CController.php(265): CController->runActionWithFilters()
#12 /home/lpt/Belajar Pemerograman - Muhammad Daffa Nur Alif/Belajar-Yii1/yii1/framework/web/CWebApplication.php(282): CController->run()
#13 /home/lpt/Belajar Pemerograman - Muhammad Daffa Nur Alif/Belajar-Yii1/yii1/framework/web/CWebApplication.php(141): CWebApplication->runController()
#14 /home/lpt/Belajar Pemerograman - Muhammad Daffa Nur Alif/Belajar-Yii1/yii1/framework/base/CApplication.php(185): CWebApplication->processRequest()
#15 /home/lpt/Belajar Pemerograman - Muhammad Daffa Nur Alif/Belajar-Yii1/yii1/framework/index.php(13): CApplication->run()
#16 {main}
REQUEST_URI=/framework/index.php?r=gii/model/index
HTTP_REFERER=http://localhost:8080/framework/index.php?r=gii
---
2024/05/07 10:00:29 [error] [exception.CDbException] CDbException: CDbConnection failed to open the DB connection: SQLSTATE[HY000] [2002] No such file or directory in /home/lpt/Belajar Pemerograman - Muhammad Daffa Nur Alif/Belajar-Yii1/yii1/framework/db/CDbConnection.php:399
Stack trace:
#0 /home/lpt/Belajar Pemerograman - Muhammad Daffa Nur Alif/Belajar-Yii1/yii1/framework/db/CDbConnection.php(347): CDbConnection->open()
#1 /home/lpt/Belajar Pemerograman - Muhammad Daffa Nur Alif/Belajar-Yii1/yii1/framework/db/CDbConnection.php(325): CDbConnection->setActive()
#2 /home/lpt/Belajar Pemerograman - Muhammad Daffa Nur Alif/Belajar-Yii1/yii1/framework/base/CModule.php(394): CDbConnection->init()
#3 /home/lpt/Belajar Pemerograman - Muhammad Daffa Nur Alif/Belajar-Yii1/yii1/framework/base/CModule.php(103): CModule->getComponent()
#4 /home/lpt/Belajar Pemerograman - Muhammad Daffa Nur Alif/Belajar-Yii1/yii1/framework/gii/generators/model/ModelCode.php(60): CModule->__get()
#5 /home/lpt/Belajar Pemerograman - Muhammad Daffa Nur Alif/Belajar-Yii1/yii1/framework/web/CFormModel.php(39): ModelCode->init()
#6 /home/lpt/Belajar Pemerograman - Muhammad Daffa Nur Alif/Belajar-Yii1/yii1/framework/gii/CCodeGenerator.php(153): CFormModel->__construct()
#7 /home/lpt/Belajar Pemerograman - Muhammad Daffa Nur Alif/Belajar-Yii1/yii1/framework/gii/CCodeGenerator.php(63): CCodeGenerator->prepare()
#8 /home/lpt/Belajar Pemerograman - Muhammad Daffa Nur Alif/Belajar-Yii1/yii1/framework/web/actions/CInlineAction.php(49): CCodeGenerator->actionIndex()
#9 /home/lpt/Belajar Pemerograman - Muhammad Daffa Nur Alif/Belajar-Yii1/yii1/framework/web/CController.php(308): CInlineAction->runWithParams()
#10 /home/lpt/Belajar Pemerograman - Muhammad Daffa Nur Alif/Belajar-Yii1/yii1/framework/web/CController.php(286): CController->runAction()
#11 /home/lpt/Belajar Pemerograman - Muhammad Daffa Nur Alif/Belajar-Yii1/yii1/framework/web/CController.php(265): CController->runActionWithFilters()
#12 /home/lpt/Belajar Pemerograman - Muhammad Daffa Nur Alif/Belajar-Yii1/yii1/framework/web/CWebApplication.php(282): CController->run()
#13 /home/lpt/Belajar Pemerograman - Muhammad Daffa Nur Alif/Belajar-Yii1/yii1/framework/web/CWebApplication.php(141): CWebApplication->runController()
#14 /home/lpt/Belajar Pemerograman - Muhammad Daffa Nur Alif/Belajar-Yii1/yii1/framework/base/CApplication.php(185): CWebApplication->processRequest()
#15 /home/lpt/Belajar Pemerograman - Muhammad Daffa Nur Alif/Belajar-Yii1/yii1/framework/index.php(13): CApplication->run()
#16 {main}
REQUEST_URI=/framework/index.php?r=gii/model/index
HTTP_REFERER=http://localhost:8080/framework/index.php?r=gii
---
2024/05/07 10:00:37 [error] [exception.CDbException] CDbException: CDbConnection failed to open the DB connection: SQLSTATE[HY000] [2002] No such file or directory in /home/lpt/Belajar Pemerograman - Muhammad Daffa Nur Alif/Belajar-Yii1/yii1/framework/db/CDbConnection.php:399
Stack trace:
#0 /home/lpt/Belajar Pemerograman - Muhammad Daffa Nur Alif/Belajar-Yii1/yii1/framework/db/CDbConnection.php(347): CDbConnection->open()
#1 /home/lpt/Belajar Pemerograman - Muhammad Daffa Nur Alif/Belajar-Yii1/yii1/framework/db/CDbConnection.php(325): CDbConnection->setActive()
#2 /home/lpt/Belajar Pemerograman - Muhammad Daffa Nur Alif/Belajar-Yii1/yii1/framework/base/CModule.php(394): CDbConnection->init()
#3 /home/lpt/Belajar Pemerograman - Muhammad Daffa Nur Alif/Belajar-Yii1/yii1/framework/base/CModule.php(103): CModule->getComponent()
#4 /home/lpt/Belajar Pemerograman - Muhammad Daffa Nur Alif/Belajar-Yii1/yii1/framework/gii/generators/model/ModelCode.php(60): CModule->__get()
#5 /home/lpt/Belajar Pemerograman - Muhammad Daffa Nur Alif/Belajar-Yii1/yii1/framework/web/CFormModel.php(39): ModelCode->init()
#6 /home/lpt/Belajar Pemerograman - Muhammad Daffa Nur Alif/Belajar-Yii1/yii1/framework/gii/CCodeGenerator.php(153): CFormModel->__construct()
#7 /home/lpt/Belajar Pemerograman - Muhammad Daffa Nur Alif/Belajar-Yii1/yii1/framework/gii/CCodeGenerator.php(63): CCodeGenerator->prepare()
#8 /home/lpt/Belajar Pemerograman - Muhammad Daffa Nur Alif/Belajar-Yii1/yii1/framework/web/actions/CInlineAction.php(49): CCodeGenerator->actionIndex()
#9 /home/lpt/Belajar Pemerograman - Muhammad Daffa Nur Alif/Belajar-Yii1/yii1/framework/web/CController.php(308): CInlineAction->runWithParams()
#10 /home/lpt/Belajar Pemerograman - Muhammad Daffa Nur Alif/Belajar-Yii1/yii1/framework/web/CController.php(286): CController->runAction()
#11 /home/lpt/Belajar Pemerograman - Muhammad Daffa Nur Alif/Belajar-Yii1/yii1/framework/web/CController.php(265): CController->runActionWithFilters()
#12 /home/lpt/Belajar Pemerograman - Muhammad Daffa Nur Alif/Belajar-Yii1/yii1/framework/web/CWebApplication.php(282): CController->run()
#13 /home/lpt/Belajar Pemerograman - Muhammad Daffa Nur Alif/Belajar-Yii1/yii1/framework/web/CWebApplication.php(141): CWebApplication->runController()
#14 /home/lpt/Belajar Pemerograman - Muhammad Daffa Nur Alif/Belajar-Yii1/yii1/framework/base/CApplication.php(185): CWebApplication->processRequest()
#15 /home/lpt/Belajar Pemerograman - Muhammad Daffa Nur Alif/Belajar-Yii1/yii1/framework/index.php(13): CApplication->run()
#16 {main}
REQUEST_URI=/framework/index.php?r=gii/model/index
HTTP_REFERER=http://localhost:8080/framework/index.php?r=gii
---
2024/05/07 10:00:54 [error] [exception.CDbException] CDbException: CDbConnection failed to open the DB connection: SQLSTATE[HY000] [2002] No such file or directory in /home/lpt/Belajar Pemerograman - Muhammad Daffa Nur Alif/Belajar-Yii1/yii1/framework/db/CDbConnection.php:399
Stack trace:
#0 /home/lpt/Belajar Pemerograman - Muhammad Daffa Nur Alif/Belajar-Yii1/yii1/framework/db/CDbConnection.php(347): CDbConnection->open()
#1 /home/lpt/Belajar Pemerograman - Muhammad Daffa Nur Alif/Belajar-Yii1/yii1/framework/db/CDbConnection.php(325): CDbConnection->setActive()
#2 /home/lpt/Belajar Pemerograman - Muhammad Daffa Nur Alif/Belajar-Yii1/yii1/framework/base/CModule.php(394): CDbConnection->init()
#3 /home/lpt/Belajar Pemerograman - Muhammad Daffa Nur Alif/Belajar-Yii1/yii1/framework/base/CModule.php(103): CModule->getComponent()
#4 /home/lpt/Belajar Pemerograman - Muhammad Daffa Nur Alif/Belajar-Yii1/yii1/framework/gii/generators/model/ModelCode.php(60): CModule->__get()
#5 /home/lpt/Belajar Pemerograman - Muhammad Daffa Nur Alif/Belajar-Yii1/yii1/framework/web/CFormModel.php(39): ModelCode->init()
#6 /home/lpt/Belajar Pemerograman - Muhammad Daffa Nur Alif/Belajar-Yii1/yii1/framework/gii/CCodeGenerator.php(153): CFormModel->__construct()
#7 /home/lpt/Belajar Pemerograman - Muhammad Daffa Nur Alif/Belajar-Yii1/yii1/framework/gii/CCodeGenerator.php(63): CCodeGenerator->prepare()
#8 /home/lpt/Belajar Pemerograman - Muhammad Daffa Nur Alif/Belajar-Yii1/yii1/framework/web/actions/CInlineAction.php(49): CCodeGenerator->actionIndex()
#9 /home/lpt/Belajar Pemerograman - Muhammad Daffa Nur Alif/Belajar-Yii1/yii1/framework/web/CController.php(308): CInlineAction->runWithParams()
#10 /home/lpt/Belajar Pemerograman - Muhammad Daffa Nur Alif/Belajar-Yii1/yii1/framework/web/CController.php(286): CController->runAction()
#11 /home/lpt/Belajar Pemerograman - Muhammad Daffa Nur Alif/Belajar-Yii1/yii1/framework/web/CController.php(265): CController->runActionWithFilters()
#12 /home/lpt/Belajar Pemerograman - Muhammad Daffa Nur Alif/Belajar-Yii1/yii1/framework/web/CWebApplication.php(282): CController->run()
#13 /home/lpt/Belajar Pemerograman - Muhammad Daffa Nur Alif/Belajar-Yii1/yii1/framework/web/CWebApplication.php(141): CWebApplication->runController()
#14 /home/lpt/Belajar Pemerograman - Muhammad Daffa Nur Alif/Belajar-Yii1/yii1/framework/base/CApplication.php(185): CWebApplication->processRequest()
#15 /home/lpt/Belajar Pemerograman - Muhammad Daffa Nur Alif/Belajar-Yii1/yii1/framework/index.php(13): CApplication->run()
#16 {main}
REQUEST_URI=/framework/index.php?r=gii/model/index
HTTP_REFERER=http://localhost:8080/framework/index.php?r=gii/controller/index
---
2024/05/07 10:01:01 [error] [exception.CDbException] CDbException: CDbConnection failed to open the DB connection: SQLSTATE[HY000] [2002] No such file or directory in /home/lpt/Belajar Pemerograman - Muhammad Daffa Nur Alif/Belajar-Yii1/yii1/framework/db/CDbConnection.php:399
Stack trace:
#0 /home/lpt/Belajar Pemerograman - Muhammad Daffa Nur Alif/Belajar-Yii1/yii1/framework/db/CDbConnection.php(347): CDbConnection->open()
#1 /home/lpt/Belajar Pemerograman - Muhammad Daffa Nur Alif/Belajar-Yii1/yii1/framework/db/CDbConnection.php(325): CDbConnection->setActive()
#2 /home/lpt/Belajar Pemerograman - Muhammad Daffa Nur Alif/Belajar-Yii1/yii1/framework/base/CModule.php(394): CDbConnection->init()
#3 /home/lpt/Belajar Pemerograman - Muhammad Daffa Nur Alif/Belajar-Yii1/yii1/framework/base/CModule.php(103): CModule->getComponent()
#4 /home/lpt/Belajar Pemerograman - Muhammad Daffa Nur Alif/Belajar-Yii1/yii1/framework/gii/generators/model/ModelCode.php(60): CModule->__get()
#5 /home/lpt/Belajar Pemerograman - Muhammad Daffa Nur Alif/Belajar-Yii1/yii1/framework/web/CFormModel.php(39): ModelCode->init()
#6 /home/lpt/Belajar Pemerograman - Muhammad Daffa Nur Alif/Belajar-Yii1/yii1/framework/gii/CCodeGenerator.php(153): CFormModel->__construct()
#7 /home/lpt/Belajar Pemerograman - Muhammad Daffa Nur Alif/Belajar-Yii1/yii1/framework/gii/CCodeGenerator.php(63): CCodeGenerator->prepare()
#8 /home/lpt/Belajar Pemerograman - Muhammad Daffa Nur Alif/Belajar-Yii1/yii1/framework/web/actions/CInlineAction.php(49): CCodeGenerator->actionIndex()
#9 /home/lpt/Belajar Pemerograman - Muhammad Daffa Nur Alif/Belajar-Yii1/yii1/framework/web/CController.php(308): CInlineAction->runWithParams()
#10 /home/lpt/Belajar Pemerograman - Muhammad Daffa Nur Alif/Belajar-Yii1/yii1/framework/web/CController.php(286): CController->runAction()
#11 /home/lpt/Belajar Pemerograman - Muhammad Daffa Nur Alif/Belajar-Yii1/yii1/framework/web/CController.php(265): CController->runActionWithFilters()
#12 /home/lpt/Belajar Pemerograman - Muhammad Daffa Nur Alif/Belajar-Yii1/yii1/framework/web/CWebApplication.php(282): CController->run()
#13 /home/lpt/Belajar Pemerograman - Muhammad Daffa Nur Alif/Belajar-Yii1/yii1/framework/web/CWebApplication.php(141): CWebApplication->runController()
#14 /home/lpt/Belajar Pemerograman - Muhammad Daffa Nur Alif/Belajar-Yii1/yii1/framework/base/CApplication.php(185): CWebApplication->processRequest()
#15 /home/lpt/Belajar Pemerograman - Muhammad Daffa Nur Alif/Belajar-Yii1/yii1/framework/index.php(13): CApplication->run()
#16 {main}
REQUEST_URI=/framework/index.php?r=gii/model/index
HTTP_REFERER=http://localhost:8080/framework/index.php?r=gii/controller/index
---
2024/05/07 10:01:05 [error] [exception.CDbException] CDbException: CDbConnection failed to open the DB connection: SQLSTATE[HY000] [2002] No such file or directory in /home/lpt/Belajar Pemerograman - Muhammad Daffa Nur Alif/Belajar-Yii1/yii1/framework/db/CDbConnection.php:399
Stack trace:
#0 /home/lpt/Belajar Pemerograman - Muhammad Daffa Nur Alif/Belajar-Yii1/yii1/framework/db/CDbConnection.php(347): CDbConnection->open()
#1 /home/lpt/Belajar Pemerograman - Muhammad Daffa Nur Alif/Belajar-Yii1/yii1/framework/db/CDbConnection.php(325): CDbConnection->setActive()
#2 /home/lpt/Belajar Pemerograman - Muhammad Daffa Nur Alif/Belajar-Yii1/yii1/framework/base/CModule.php(394): CDbConnection->init()
#3 /home/lpt/Belajar Pemerograman - Muhammad Daffa Nur Alif/Belajar-Yii1/yii1/framework/base/CModule.php(103): CModule->getComponent()
#4 /home/lpt/Belajar Pemerograman - Muhammad Daffa Nur Alif/Belajar-Yii1/yii1/framework/gii/generators/model/ModelCode.php(60): CModule->__get()
#5 /home/lpt/Belajar Pemerograman - Muhammad Daffa Nur Alif/Belajar-Yii1/yii1/framework/web/CFormModel.php(39): ModelCode->init()
#6 /home/lpt/Belajar Pemerograman - Muhammad Daffa Nur Alif/Belajar-Yii1/yii1/framework/gii/CCodeGenerator.php(153): CFormModel->__construct()
#7 /home/lpt/Belajar Pemerograman - Muhammad Daffa Nur Alif/Belajar-Yii1/yii1/framework/gii/CCodeGenerator.php(63): CCodeGenerator->prepare()
#8 /home/lpt/Belajar Pemerograman - Muhammad Daffa Nur Alif/Belajar-Yii1/yii1/framework/web/actions/CInlineAction.php(49): CCodeGenerator->actionIndex()
#9 /home/lpt/Belajar Pemerograman - Muhammad Daffa Nur Alif/Belajar-Yii1/yii1/framework/web/CController.php(308): CInlineAction->runWithParams()
#10 /home/lpt/Belajar Pemerograman - Muhammad Daffa Nur Alif/Belajar-Yii1/yii1/framework/web/CController.php(286): CController->runAction()
#11 /home/lpt/Belajar Pemerograman - Muhammad Daffa Nur Alif/Belajar-Yii1/yii1/framework/web/CController.php(265): CController->runActionWithFilters()
#12 /home/lpt/Belajar Pemerograman - Muhammad Daffa Nur Alif/Belajar-Yii1/yii1/framework/web/CWebApplication.php(282): CController->run()
#13 /home/lpt/Belajar Pemerograman - Muhammad Daffa Nur Alif/Belajar-Yii1/yii1/framework/web/CWebApplication.php(141): CWebApplication->runController()
#14 /home/lpt/Belajar Pemerograman - Muhammad Daffa Nur Alif/Belajar-Yii1/yii1/framework/base/CApplication.php(185): CWebApplication->processRequest()
#15 /home/lpt/Belajar Pemerograman - Muhammad Daffa Nur Alif/Belajar-Yii1/yii1/framework/index.php(13): CApplication->run()
#16 {main}
REQUEST_URI=/framework/index.php?r=gii/model/index
HTTP_REFERER=http://localhost:8080/framework/index.php?r=gii/controller/index
---
2024/05/07 10:46:56 [error] [system.db.CDbCommand] CDbCommand::execute() failed: SQLSTATE[22007]: Invalid datetime format: 1292 Incorrect date value: '20' for column `belajar_yii1_database`.`peserta`.`tanggal_pendaftaran` at row 1. The SQL statement executed was: INSERT INTO `peserta` (`nama`, `tanggal_lahir`, `alamat`, `no_telp`, `email`, `tanggal_pendaftaran`, `status_keanggotaan`, `keterangan`) VALUES (:yp0, :yp1, :yp2, :yp3, :yp4, :yp5, :yp6, :yp7).
2024/05/07 10:46:56 [error] [exception.CDbException] CDbException: CDbCommand failed to execute the SQL statement: SQLSTATE[22007]: Invalid datetime format: 1292 Incorrect date value: '20' for column `belajar_yii1_database`.`peserta`.`tanggal_pendaftaran` at row 1. The SQL statement executed was: INSERT INTO `peserta` (`nama`, `tanggal_lahir`, `alamat`, `no_telp`, `email`, `tanggal_pendaftaran`, `status_keanggotaan`, `keterangan`) VALUES (:yp0, :yp1, :yp2, :yp3, :yp4, :yp5, :yp6, :yp7) in /home/lpt/Belajar Pemerograman - Muhammad Daffa Nur Alif/Belajar-Yii1/yii1/framework/db/CDbCommand.php:358
Stack trace:
#0 /home/lpt/Belajar Pemerograman - Muhammad Daffa Nur Alif/Belajar-Yii1/yii1/framework/db/ar/CActiveRecord.php(1083): CDbCommand->execute()
#1 /home/lpt/Belajar Pemerograman - Muhammad Daffa Nur Alif/Belajar-Yii1/yii1/framework/db/ar/CActiveRecord.php(811): CActiveRecord->insert()
#2 /home/lpt/Belajar Pemerograman - Muhammad Daffa Nur Alif/Belajar-Yii1/yii1/framework/protected/controllers/PesertaController.php(73): CActiveRecord->save()
#3 /home/lpt/Belajar Pemerograman - Muhammad Daffa Nur Alif/Belajar-Yii1/yii1/framework/web/actions/CInlineAction.php(49): PesertaController->actionCreate()
#4 /home/lpt/Belajar Pemerograman - Muhammad Daffa Nur Alif/Belajar-Yii1/yii1/framework/web/CController.php(308): CInlineAction->runWithParams()
#5 /home/lpt/Belajar Pemerograman - Muhammad Daffa Nur Alif/Belajar-Yii1/yii1/framework/web/filters/CFilterChain.php(134): CController->runAction()
#6 /home/lpt/Belajar Pemerograman - Muhammad Daffa Nur Alif/Belajar-Yii1/yii1/framework/web/filters/CFilter.php(40): CFilterChain->run()
#7 /home/lpt/Belajar Pemerograman - Muhammad Daffa Nur Alif/Belajar-Yii1/yii1/framework/web/CController.php(1148): CFilter->filter()
#8 /home/lpt/Belajar Pemerograman - Muhammad Daffa Nur Alif/Belajar-Yii1/yii1/framework/web/filters/CInlineFilter.php(58): CController->filterAccessControl()
#9 /home/lpt/Belajar Pemerograman - Muhammad Daffa Nur Alif/Belajar-Yii1/yii1/framework/web/filters/CFilterChain.php(131): CInlineFilter->filter()
#10 /home/lpt/Belajar Pemerograman - Muhammad Daffa Nur Alif/Belajar-Yii1/yii1/framework/web/CController.php(291): CFilterChain->run()
#11 /home/lpt/Belajar Pemerograman - Muhammad Daffa Nur Alif/Belajar-Yii1/yii1/framework/web/CController.php(265): CController->runActionWithFilters()
#12 /home/lpt/Belajar Pemerograman - Muhammad Daffa Nur Alif/Belajar-Yii1/yii1/framework/web/CWebApplication.php(282): CController->run()
#13 /home/lpt/Belajar Pemerograman - Muhammad Daffa Nur Alif/Belajar-Yii1/yii1/framework/web/CWebApplication.php(141): CWebApplication->runController()
#14 /home/lpt/Belajar Pemerograman - Muhammad Daffa Nur Alif/Belajar-Yii1/yii1/framework/base/CApplication.php(185): CWebApplication->processRequest()
#15 /home/lpt/Belajar Pemerograman - Muhammad Daffa Nur Alif/Belajar-Yii1/yii1/framework/index.php(13): CApplication->run()
#16 {main}
REQUEST_URI=/framework/index.php?r=peserta/create
HTTP_REFERER=http://localhost:8080/framework/index.php?r=peserta/create
---
2024/05/07 10:47:27 [error] [system.db.CDbCommand] CDbCommand::execute() failed: SQLSTATE[22007]: Invalid datetime format: 1292 Incorrect date value: '08-08-2014' for column `belajar_yii1_database`.`peserta`.`tanggal_lahir` at row 1. The SQL statement executed was: INSERT INTO `peserta` (`nama`, `tanggal_lahir`, `alamat`, `no_telp`, `email`, `tanggal_pendaftaran`, `status_keanggotaan`, `keterangan`) VALUES (:yp0, :yp1, :yp2, :yp3, :yp4, :yp5, :yp6, :yp7).
2024/05/07 10:47:27 [error] [exception.CDbException] CDbException: CDbCommand failed to execute the SQL statement: SQLSTATE[22007]: Invalid datetime format: 1292 Incorrect date value: '08-08-2014' for column `belajar_yii1_database`.`peserta`.`tanggal_lahir` at row 1. The SQL statement executed was: INSERT INTO `peserta` (`nama`, `tanggal_lahir`, `alamat`, `no_telp`, `email`, `tanggal_pendaftaran`, `status_keanggotaan`, `keterangan`) VALUES (:yp0, :yp1, :yp2, :yp3, :yp4, :yp5, :yp6, :yp7) in /home/lpt/Belajar Pemerograman - Muhammad Daffa Nur Alif/Belajar-Yii1/yii1/framework/db/CDbCommand.php:358
Stack trace:
#0 /home/lpt/Belajar Pemerograman - Muhammad Daffa Nur Alif/Belajar-Yii1/yii1/framework/db/ar/CActiveRecord.php(1083): CDbCommand->execute()
#1 /home/lpt/Belajar Pemerograman - Muhammad Daffa Nur Alif/Belajar-Yii1/yii1/framework/db/ar/CActiveRecord.php(811): CActiveRecord->insert()
#2 /home/lpt/Belajar Pemerograman - Muhammad Daffa Nur Alif/Belajar-Yii1/yii1/framework/protected/controllers/PesertaController.php(73): CActiveRecord->save()
#3 /home/lpt/Belajar Pemerograman - Muhammad Daffa Nur Alif/Belajar-Yii1/yii1/framework/web/actions/CInlineAction.php(49): PesertaController->actionCreate()
#4 /home/lpt/Belajar Pemerograman - Muhammad Daffa Nur Alif/Belajar-Yii1/yii1/framework/web/CController.php(308): CInlineAction->runWithParams()
#5 /home/lpt/Belajar Pemerograman - Muhammad Daffa Nur Alif/Belajar-Yii1/yii1/framework/web/filters/CFilterChain.php(134): CController->runAction()
#6 /home/lpt/Belajar Pemerograman - Muhammad Daffa Nur Alif/Belajar-Yii1/yii1/framework/web/filters/CFilter.php(40): CFilterChain->run()
#7 /home/lpt/Belajar Pemerograman - Muhammad Daffa Nur Alif/Belajar-Yii1/yii1/framework/web/CController.php(1148): CFilter->filter()
#8 /home/lpt/Belajar Pemerograman - Muhammad Daffa Nur Alif/Belajar-Yii1/yii1/framework/web/filters/CInlineFilter.php(58): CController->filterAccessControl()
#9 /home/lpt/Belajar Pemerograman - Muhammad Daffa Nur Alif/Belajar-Yii1/yii1/framework/web/filters/CFilterChain.php(131): CInlineFilter->filter()
#10 /home/lpt/Belajar Pemerograman - Muhammad Daffa Nur Alif/Belajar-Yii1/yii1/framework/web/CController.php(291): CFilterChain->run()
#11 /home/lpt/Belajar Pemerograman - Muhammad Daffa Nur Alif/Belajar-Yii1/yii1/framework/web/CController.php(265): CController->runActionWithFilters()
#12 /home/lpt/Belajar Pemerograman - Muhammad Daffa Nur Alif/Belajar-Yii1/yii1/framework/web/CWebApplication.php(282): CController->run()
#13 /home/lpt/Belajar Pemerograman - Muhammad Daffa Nur Alif/Belajar-Yii1/yii1/framework/web/CWebApplication.php(141): CWebApplication->runController()
#14 /home/lpt/Belajar Pemerograman - Muhammad Daffa Nur Alif/Belajar-Yii1/yii1/framework/base/CApplication.php(185): CWebApplication->processRequest()
#15 /home/lpt/Belajar Pemerograman - Muhammad Daffa Nur Alif/Belajar-Yii1/yii1/framework/index.php(13): CApplication->run()
#16 {main}
REQUEST_URI=/framework/index.php?r=peserta/create
HTTP_REFERER=http://localhost:8080/framework/index.php?r=peserta/create
---
2024/05/07 11:07:30 [error] [php] Undefined variable $menuItems (/home/lpt/Belajar Pemerograman - Muhammad Daffa Nur Alif/Belajar-Yii1/yii1/framework/protected/views/layouts/main.php:51)
Stack trace:
#0 /home/lpt/Belajar Pemerograman - Muhammad Daffa Nur Alif/Belajar-Yii1/yii1/framework/web/CBaseController.php(126): require()
#1 /home/lpt/Belajar Pemerograman - Muhammad Daffa Nur Alif/Belajar-Yii1/yii1/framework/web/CBaseController.php(95): PesertaController->renderInternal()
#2 /home/lpt/Belajar Pemerograman - Muhammad Daffa Nur Alif/Belajar-Yii1/yii1/framework/web/widgets/CContentDecorator.php(76): PesertaController->renderFile()
#3 /home/lpt/Belajar Pemerograman - Muhammad Daffa Nur Alif/Belajar-Yii1/yii1/framework/web/widgets/CContentDecorator.php(54): CContentDecorator->decorate()
#4 /home/lpt/Belajar Pemerograman - Muhammad Daffa Nur Alif/Belajar-Yii1/yii1/framework/web/widgets/COutputProcessor.php(44): CContentDecorator->processOutput()
#5 /home/lpt/Belajar Pemerograman - Muhammad Daffa Nur Alif/Belajar-Yii1/yii1/framework/web/CBaseController.php(215): CContentDecorator->run()
#6 /home/lpt/Belajar Pemerograman - Muhammad Daffa Nur Alif/Belajar-Yii1/yii1/framework/web/CBaseController.php(309): PesertaController->endWidget()
#7 /home/lpt/Belajar Pemerograman - Muhammad Daffa Nur Alif/Belajar-Yii1/yii1/framework/protected/views/layouts/column2.php(22): PesertaController->endContent()
#8 /home/lpt/Belajar Pemerograman - Muhammad Daffa Nur Alif/Belajar-Yii1/yii1/framework/web/CBaseController.php(126): require()
#9 /home/lpt/Belajar Pemerograman - Muhammad Daffa Nur Alif/Belajar-Yii1/yii1/framework/web/CBaseController.php(95): PesertaController->renderInternal()
#10 /home/lpt/Belajar Pemerograman - Muhammad Daffa Nur Alif/Belajar-Yii1/yii1/framework/web/CController.php(787): PesertaController->renderFile()
#11 /home/lpt/Belajar Pemerograman - Muhammad Daffa Nur Alif/Belajar-Yii1/yii1/framework/protected/controllers/PesertaController.php(127): PesertaController->render()
#12 /home/lpt/Belajar Pemerograman - Muhammad Daffa Nur Alif/Belajar-Yii1/yii1/framework/web/actions/CInlineAction.php(49): PesertaController->actionIndex()
#13 /home/lpt/Belajar Pemerograman - Muhammad Daffa Nur Alif/Belajar-Yii1/yii1/framework/web/CController.php(308): CInlineAction->runWithParams()
#14 /home/lpt/Belajar Pemerograman - Muhammad Daffa Nur Alif/Belajar-Yii1/yii1/framework/web/filters/CFilterChain.php(134): PesertaController->runAction()
#15 /home/lpt/Belajar Pemerograman - Muhammad Daffa Nur Alif/Belajar-Yii1/yii1/framework/web/filters/CFilter.php(40): CFilterChain->run()
#16 /home/lpt/Belajar Pemerograman - Muhammad Daffa Nur Alif/Belajar-Yii1/yii1/framework/web/CController.php(1148): CAccessControlFilter->filter()
#17 /home/lpt/Belajar Pemerograman - Muhammad Daffa Nur Alif/Belajar-Yii1/yii1/framework/web/filters/CInlineFilter.php(58): PesertaController->filterAccessControl()
#18 /home/lpt/Belajar Pemerograman - Muhammad Daffa Nur Alif/Belajar-Yii1/yii1/framework/web/filters/CFilterChain.php(131): CInlineFilter->filter()
#19 /home/lpt/Belajar Pemerograman - Muhammad Daffa Nur Alif/Belajar-Yii1/yii1/framework/web/CController.php(291): CFilterChain->run()
#20 /home/lpt/Belajar Pemerograman - Muhammad Daffa Nur Alif/Belajar-Yii1/yii1/framework/web/CController.php(265): PesertaController->runActionWithFilters()
#21 /home/lpt/Belajar Pemerograman - Muhammad Daffa Nur Alif/Belajar-Yii1/yii1/framework/web/CWebApplication.php(282): PesertaController->run()
#22 /home/lpt/Belajar Pemerograman - Muhammad Daffa Nur Alif/Belajar-Yii1/yii1/framework/web/CWebApplication.php(141): CWebApplication->runController()
#23 /home/lpt/Belajar Pemerograman - Muhammad Daffa Nur Alif/Belajar-Yii1/yii1/framework/base/CApplication.php(185): CWebApplication->processRequest()
#24 /home/lpt/Belajar Pemerograman - Muhammad Daffa Nur Alif/Belajar-Yii1/yii1/framework/index.php(13): CWebApplication->run()
REQUEST_URI=/framework/index.php?r=peserta/index
2024/05/07 11:29:32 [error] [system.db.CDbCommand] CDbCommand::execute() failed: SQLSTATE[22007]: Invalid datetime format: 1292 Incorrect date value: '08-08-2014' for column `belajar_yii1_database`.`peserta`.`tanggal_pendaftaran` at row 1. The SQL statement executed was: INSERT INTO `peserta` (`nama`, `tanggal_lahir`, `alamat`, `no_telp`, `email`, `tanggal_pendaftaran`, `status_keanggotaan`, `keterangan`) VALUES (:yp0, :yp1, :yp2, :yp3, :yp4, :yp5, :yp6, :yp7).
2024/05/07 11:29:32 [error] [exception.CDbException] CDbException: CDbCommand failed to execute the SQL statement: SQLSTATE[22007]: Invalid datetime format: 1292 Incorrect date value: '08-08-2014' for column `belajar_yii1_database`.`peserta`.`tanggal_pendaftaran` at row 1. The SQL statement executed was: INSERT INTO `peserta` (`nama`, `tanggal_lahir`, `alamat`, `no_telp`, `email`, `tanggal_pendaftaran`, `status_keanggotaan`, `keterangan`) VALUES (:yp0, :yp1, :yp2, :yp3, :yp4, :yp5, :yp6, :yp7) in /home/lpt/Belajar Pemerograman - Muhammad Daffa Nur Alif/Belajar-Yii1/yii1/framework/db/CDbCommand.php:358
Stack trace:
#0 /home/lpt/Belajar Pemerograman - Muhammad Daffa Nur Alif/Belajar-Yii1/yii1/framework/db/ar/CActiveRecord.php(1083): CDbCommand->execute()
#1 /home/lpt/Belajar Pemerograman - Muhammad Daffa Nur Alif/Belajar-Yii1/yii1/framework/db/ar/CActiveRecord.php(811): CActiveRecord->insert()
#2 /home/lpt/Belajar Pemerograman - Muhammad Daffa Nur Alif/Belajar-Yii1/yii1/framework/protected/controllers/PesertaController.php(73): CActiveRecord->save()
#3 /home/lpt/Belajar Pemerograman - Muhammad Daffa Nur Alif/Belajar-Yii1/yii1/framework/web/actions/CInlineAction.php(49): PesertaController->actionCreate()
#4 /home/lpt/Belajar Pemerograman - Muhammad Daffa Nur Alif/Belajar-Yii1/yii1/framework/web/CController.php(308): CInlineAction->runWithParams()
#5 /home/lpt/Belajar Pemerograman - Muhammad Daffa Nur Alif/Belajar-Yii1/yii1/framework/web/filters/CFilterChain.php(134): CController->runAction()
#6 /home/lpt/Belajar Pemerograman - Muhammad Daffa Nur Alif/Belajar-Yii1/yii1/framework/web/filters/CFilter.php(40): CFilterChain->run()
#7 /home/lpt/Belajar Pemerograman - Muhammad Daffa Nur Alif/Belajar-Yii1/yii1/framework/web/CController.php(1148): CFilter->filter()
#8 /home/lpt/Belajar Pemerograman - Muhammad Daffa Nur Alif/Belajar-Yii1/yii1/framework/web/filters/CInlineFilter.php(58): CController->filterAccessControl()
#9 /home/lpt/Belajar Pemerograman - Muhammad Daffa Nur Alif/Belajar-Yii1/yii1/framework/web/filters/CFilterChain.php(131): CInlineFilter->filter()
#10 /home/lpt/Belajar Pemerograman - Muhammad Daffa Nur Alif/Belajar-Yii1/yii1/framework/web/CController.php(291): CFilterChain->run()
#11 /home/lpt/Belajar Pemerograman - Muhammad Daffa Nur Alif/Belajar-Yii1/yii1/framework/web/CController.php(265): CController->runActionWithFilters()
#12 /home/lpt/Belajar Pemerograman - Muhammad Daffa Nur Alif/Belajar-Yii1/yii1/framework/web/CWebApplication.php(282): CController->run()
#13 /home/lpt/Belajar Pemerograman - Muhammad Daffa Nur Alif/Belajar-Yii1/yii1/framework/web/CWebApplication.php(141): CWebApplication->runController()
#14 /home/lpt/Belajar Pemerograman - Muhammad Daffa Nur Alif/Belajar-Yii1/yii1/framework/base/CApplication.php(185): CWebApplication->processRequest()
#15 /home/lpt/Belajar Pemerograman - Muhammad Daffa Nur Alif/Belajar-Yii1/yii1/framework/index.php(13): CApplication->run()
#16 {main}
REQUEST_URI=/framework/index.php?r=peserta/create
HTTP_REFERER=http://localhost:8080/framework/index.php?r=peserta/create
---
2024/05/07 14:17:45 [error] [exception.CException] CException: Property "Peserta.nama" is not defined. in /home/lpt/Belajar Pemerograman - Muhammad Daffa Nur Alif/Belajar-Yii1/yii1/framework/base/CComponent.php:130
Stack trace:
#0 /home/lpt/Belajar Pemerograman - Muhammad Daffa Nur Alif/Belajar-Yii1/yii1/framework/db/ar/CActiveRecord.php(145): CComponent->__get()
#1 /home/lpt/Belajar Pemerograman - Muhammad Daffa Nur Alif/Belajar-Yii1/yii1/framework/web/helpers/CHtml.php(2784): CActiveRecord->__get()
#2 /home/lpt/Belajar Pemerograman - Muhammad Daffa Nur Alif/Belajar-Yii1/yii1/framework/web/helpers/CHtml.php(2507): CHtml::resolveValue()
#3 /home/lpt/Belajar Pemerograman - Muhammad Daffa Nur Alif/Belajar-Yii1/yii1/framework/web/helpers/CHtml.php(1554): CHtml::activeInputField()
#4 /home/lpt/Belajar Pemerograman - Muhammad Daffa Nur Alif/Belajar-Yii1/yii1/framework/web/widgets/CActiveForm.php(793): CHtml::activeTextField()
#5 /home/lpt/Belajar Pemerograman - Muhammad Daffa Nur Alif/Belajar-Yii1/yii1/framework/protected/views/peserta/_form.php(24): CActiveForm->textField()
#6 /home/lpt/Belajar Pemerograman - Muhammad Daffa Nur Alif/Belajar-Yii1/yii1/framework/web/CBaseController.php(126): require('...')
#7 /home/lpt/Belajar Pemerograman - Muhammad Daffa Nur Alif/Belajar-Yii1/yii1/framework/web/CBaseController.php(95): CBaseController->renderInternal()
#8 /home/lpt/Belajar Pemerograman - Muhammad Daffa Nur Alif/Belajar-Yii1/yii1/framework/web/CController.php(872): CBaseController->renderFile()
#9 /home/lpt/Belajar Pemerograman - Muhammad Daffa Nur Alif/Belajar-Yii1/yii1/framework/protected/views/peserta/create.php(18): CController->renderPartial()
#10 /home/lpt/Belajar Pemerograman - Muhammad Daffa Nur Alif/Belajar-Yii1/yii1/framework/web/CBaseController.php(126): require('...')
#11 /home/lpt/Belajar Pemerograman - Muhammad Daffa Nur Alif/Belajar-Yii1/yii1/framework/web/CBaseController.php(95): CBaseController->renderInternal()
#12 /home/lpt/Belajar Pemerograman - Muhammad Daffa Nur Alif/Belajar-Yii1/yii1/framework/web/CController.php(872): CBaseController->renderFile()
#13 /home/lpt/Belajar Pemerograman - Muhammad Daffa Nur Alif/Belajar-Yii1/yii1/framework/web/CController.php(785): CController->renderPartial()
#14 /home/lpt/Belajar Pemerograman - Muhammad Daffa Nur Alif/Belajar-Yii1/yii1/framework/protected/controllers/PesertaController.php(78): CController->render()
#15 /home/lpt/Belajar Pemerograman - Muhammad Daffa Nur Alif/Belajar-Yii1/yii1/framework/web/actions/CInlineAction.php(49): PesertaController->actionCreate()
#16 /home/lpt/Belajar Pemerograman - Muhammad Daffa Nur Alif/Belajar-Yii1/yii1/framework/web/CController.php(308): CInlineAction->runWithParams()
#17 /home/lpt/Belajar Pemerograman - Muhammad Daffa Nur Alif/Belajar-Yii1/yii1/framework/web/filters/CFilterChain.php(134): CController->runAction()
#18 /home/lpt/Belajar Pemerograman - Muhammad Daffa Nur Alif/Belajar-Yii1/yii1/framework/web/filters/CFilter.php(40): CFilterChain->run()
#19 /home/lpt/Belajar Pemerograman - Muhammad Daffa Nur Alif/Belajar-Yii1/yii1/framework/web/CController.php(1148): CFilter->filter()
#20 /home/lpt/Belajar Pemerograman - Muhammad Daffa Nur Alif/Belajar-Yii1/yii1/framework/web/filters/CInlineFilter.php(58): CController->filterAccessControl()
#21 /home/lpt/Belajar Pemerograman - Muhammad Daffa Nur Alif/Belajar-Yii1/yii1/framework/web/filters/CFilterChain.php(131): CInlineFilter->filter()
#22 /home/lpt/Belajar Pemerograman - Muhammad Daffa Nur Alif/Belajar-Yii1/yii1/framework/web/CController.php(291): CFilterChain->run()
#23 /home/lpt/Belajar Pemerograman - Muhammad Daffa Nur Alif/Belajar-Yii1/yii1/framework/web/CController.php(265): CController->runActionWithFilters()
#24 /home/lpt/Belajar Pemerograman - Muhammad Daffa Nur Alif/Belajar-Yii1/yii1/framework/web/CWebApplication.php(282): CController->run()
#25 /home/lpt/Belajar Pemerograman - Muhammad Daffa Nur Alif/Belajar-Yii1/yii1/framework/web/CWebApplication.php(141): CWebApplication->runController()
#26 /home/lpt/Belajar Pemerograman - Muhammad Daffa Nur Alif/Belajar-Yii1/yii1/framework/base/CApplication.php(185): CWebApplication->processRequest()
#27 /home/lpt/Belajar Pemerograman - Muhammad Daffa Nur Alif/Belajar-Yii1/yii1/framework/index.php(13): CApplication->run()
#28 {main}
REQUEST_URI=/framework/index.php?r=peserta/create
HTTP_REFERER=http://localhost:8080/framework/index.php?r=site/login
---
2024/05/07 14:17:59 [error] [exception.CException] CException: Property "Peserta.nama" is not defined. in /home/lpt/Belajar Pemerograman - Muhammad Daffa Nur Alif/Belajar-Yii1/yii1/framework/base/CComponent.php:130
Stack trace:
#0 /home/lpt/Belajar Pemerograman - Muhammad Daffa Nur Alif/Belajar-Yii1/yii1/framework/db/ar/CActiveRecord.php(145): CComponent->__get()
#1 /home/lpt/Belajar Pemerograman - Muhammad Daffa Nur Alif/Belajar-Yii1/yii1/framework/web/helpers/CHtml.php(2784): CActiveRecord->__get()
#2 /home/lpt/Belajar Pemerograman - Muhammad Daffa Nur Alif/Belajar-Yii1/yii1/framework/web/helpers/CHtml.php(2507): CHtml::resolveValue()
#3 /home/lpt/Belajar Pemerograman - Muhammad Daffa Nur Alif/Belajar-Yii1/yii1/framework/web/helpers/CHtml.php(1554): CHtml::activeInputField()
#4 /home/lpt/Belajar Pemerograman - Muhammad Daffa Nur Alif/Belajar-Yii1/yii1/framework/web/widgets/CActiveForm.php(793): CHtml::activeTextField()
#5 /home/lpt/Belajar Pemerograman - Muhammad Daffa Nur Alif/Belajar-Yii1/yii1/framework/protected/views/peserta/_form.php(24): CActiveForm->textField()
#6 /home/lpt/Belajar Pemerograman - Muhammad Daffa Nur Alif/Belajar-Yii1/yii1/framework/web/CBaseController.php(126): require('...')
#7 /home/lpt/Belajar Pemerograman - Muhammad Daffa Nur Alif/Belajar-Yii1/yii1/framework/web/CBaseController.php(95): CBaseController->renderInternal()
#8 /home/lpt/Belajar Pemerograman - Muhammad Daffa Nur Alif/Belajar-Yii1/yii1/framework/web/CController.php(872): CBaseController->renderFile()
#9 /home/lpt/Belajar Pemerograman - Muhammad Daffa Nur Alif/Belajar-Yii1/yii1/framework/protected/views/peserta/create.php(18): CController->renderPartial()
#10 /home/lpt/Belajar Pemerograman - Muhammad Daffa Nur Alif/Belajar-Yii1/yii1/framework/web/CBaseController.php(126): require('...')
#11 /home/lpt/Belajar Pemerograman - Muhammad Daffa Nur Alif/Belajar-Yii1/yii1/framework/web/CBaseController.php(95): CBaseController->renderInternal()
#12 /home/lpt/Belajar Pemerograman - Muhammad Daffa Nur Alif/Belajar-Yii1/yii1/framework/web/CController.php(872): CBaseController->renderFile()
#13 /home/lpt/Belajar Pemerograman - Muhammad Daffa Nur Alif/Belajar-Yii1/yii1/framework/web/CController.php(785): CController->renderPartial()
#14 /home/lpt/Belajar Pemerograman - Muhammad Daffa Nur Alif/Belajar-Yii1/yii1/framework/protected/controllers/PesertaController.php(78): CController->render()
#15 /home/lpt/Belajar Pemerograman - Muhammad Daffa Nur Alif/Belajar-Yii1/yii1/framework/web/actions/CInlineAction.php(49): PesertaController->actionCreate()
#16 /home/lpt/Belajar Pemerograman - Muhammad Daffa Nur Alif/Belajar-Yii1/yii1/framework/web/CController.php(308): CInlineAction->runWithParams()
#17 /home/lpt/Belajar Pemerograman - Muhammad Daffa Nur Alif/Belajar-Yii1/yii1/framework/web/filters/CFilterChain.php(134): CController->runAction()
#18 /home/lpt/Belajar Pemerograman - Muhammad Daffa Nur Alif/Belajar-Yii1/yii1/framework/web/filters/CFilter.php(40): CFilterChain->run()
#19 /home/lpt/Belajar Pemerograman - Muhammad Daffa Nur Alif/Belajar-Yii1/yii1/framework/web/CController.php(1148): CFilter->filter()
#20 /home/lpt/Belajar Pemerograman - Muhammad Daffa Nur Alif/Belajar-Yii1/yii1/framework/web/filters/CInlineFilter.php(58): CController->filterAccessControl()
#21 /home/lpt/Belajar Pemerograman - Muhammad Daffa Nur Alif/Belajar-Yii1/yii1/framework/web/filters/CFilterChain.php(131): CInlineFilter->filter()
#22 /home/lpt/Belajar Pemerograman - Muhammad Daffa Nur Alif/Belajar-Yii1/yii1/framework/web/CController.php(291): CFilterChain->run()
#23 /home/lpt/Belajar Pemerograman - Muhammad Daffa Nur Alif/Belajar-Yii1/yii1/framework/web/CController.php(265): CController->runActionWithFilters()
#24 /home/lpt/Belajar Pemerograman - Muhammad Daffa Nur Alif/Belajar-Yii1/yii1/framework/web/CWebApplication.php(282): CController->run()
#25 /home/lpt/Belajar Pemerograman - Muhammad Daffa Nur Alif/Belajar-Yii1/yii1/framework/web/CWebApplication.php(141): CWebApplication->runController()
#26 /home/lpt/Belajar Pemerograman - Muhammad Daffa Nur Alif/Belajar-Yii1/yii1/framework/base/CApplication.php(185): CWebApplication->processRequest()
#27 /home/lpt/Belajar Pemerograman - Muhammad Daffa Nur Alif/Belajar-Yii1/yii1/framework/index.php(13): CApplication->run()
#28 {main}
REQUEST_URI=/framework/index.php?r=peserta/create
HTTP_REFERER=http://localhost:8080/framework/index.php?r=site/login
---
2024/05/07 14:18:11 [error] [exception.CException] CException: Property "Peserta.nama" is not defined. in /home/lpt/Belajar Pemerograman - Muhammad Daffa Nur Alif/Belajar-Yii1/yii1/framework/base/CComponent.php:130
Stack trace:
#0 /home/lpt/Belajar Pemerograman - Muhammad Daffa Nur Alif/Belajar-Yii1/yii1/framework/db/ar/CActiveRecord.php(145): CComponent->__get()
#1 /home/lpt/Belajar Pemerograman - Muhammad Daffa Nur Alif/Belajar-Yii1/yii1/framework/web/helpers/CHtml.php(2784): CActiveRecord->__get()
#2 /home/lpt/Belajar Pemerograman - Muhammad Daffa Nur Alif/Belajar-Yii1/yii1/framework/web/helpers/CHtml.php(2507): CHtml::resolveValue()
#3 /home/lpt/Belajar Pemerograman - Muhammad Daffa Nur Alif/Belajar-Yii1/yii1/framework/web/helpers/CHtml.php(1554): CHtml::activeInputField()
#4 /home/lpt/Belajar Pemerograman - Muhammad Daffa Nur Alif/Belajar-Yii1/yii1/framework/web/widgets/CActiveForm.php(793): CHtml::activeTextField()
#5 /home/lpt/Belajar Pemerograman - Muhammad Daffa Nur Alif/Belajar-Yii1/yii1/framework/protected/views/peserta/_form.php(24): CActiveForm->textField()
#6 /home/lpt/Belajar Pemerograman - Muhammad Daffa Nur Alif/Belajar-Yii1/yii1/framework/web/CBaseController.php(126): require('...')
#7 /home/lpt/Belajar Pemerograman - Muhammad Daffa Nur Alif/Belajar-Yii1/yii1/framework/web/CBaseController.php(95): CBaseController->renderInternal()
#8 /home/lpt/Belajar Pemerograman - Muhammad Daffa Nur Alif/Belajar-Yii1/yii1/framework/web/CController.php(872): CBaseController->renderFile()
#9 /home/lpt/Belajar Pemerograman - Muhammad Daffa Nur Alif/Belajar-Yii1/yii1/framework/protected/views/peserta/create.php(18): CController->renderPartial()
#10 /home/lpt/Belajar Pemerograman - Muhammad Daffa Nur Alif/Belajar-Yii1/yii1/framework/web/CBaseController.php(126): require('...')
#11 /home/lpt/Belajar Pemerograman - Muhammad Daffa Nur Alif/Belajar-Yii1/yii1/framework/web/CBaseController.php(95): CBaseController->renderInternal()
#12 /home/lpt/Belajar Pemerograman - Muhammad Daffa Nur Alif/Belajar-Yii1/yii1/framework/web/CController.php(872): CBaseController->renderFile()
#13 /home/lpt/Belajar Pemerograman - Muhammad Daffa Nur Alif/Belajar-Yii1/yii1/framework/web/CController.php(785): CController->renderPartial()
#14 /home/lpt/Belajar Pemerograman - Muhammad Daffa Nur Alif/Belajar-Yii1/yii1/framework/protected/controllers/PesertaController.php(78): CController->render()
#15 /home/lpt/Belajar Pemerograman - Muhammad Daffa Nur Alif/Belajar-Yii1/yii1/framework/web/actions/CInlineAction.php(49): PesertaController->actionCreate()
#16 /home/lpt/Belajar Pemerograman - Muhammad Daffa Nur Alif/Belajar-Yii1/yii1/framework/web/CController.php(308): CInlineAction->runWithParams()
#17 /home/lpt/Belajar Pemerograman - Muhammad Daffa Nur Alif/Belajar-Yii1/yii1/framework/web/filters/CFilterChain.php(134): CController->runAction()
#18 /home/lpt/Belajar Pemerograman - Muhammad Daffa Nur Alif/Belajar-Yii1/yii1/framework/web/filters/CFilter.php(40): CFilterChain->run()
#19 /home/lpt/Belajar Pemerograman - Muhammad Daffa Nur Alif/Belajar-Yii1/yii1/framework/web/CController.php(1148): CFilter->filter()
#20 /home/lpt/Belajar Pemerograman - Muhammad Daffa Nur Alif/Belajar-Yii1/yii1/framework/web/filters/CInlineFilter.php(58): CController->filterAccessControl()
#21 /home/lpt/Belajar Pemerograman - Muhammad Daffa Nur Alif/Belajar-Yii1/yii1/framework/web/filters/CFilterChain.php(131): CInlineFilter->filter()
#22 /home/lpt/Belajar Pemerograman - Muhammad Daffa Nur Alif/Belajar-Yii1/yii1/framework/web/CController.php(291): CFilterChain->run()
#23 /home/lpt/Belajar Pemerograman - Muhammad Daffa Nur Alif/Belajar-Yii1/yii1/framework/web/CController.php(265): CController->runActionWithFilters()
#24 /home/lpt/Belajar Pemerograman - Muhammad Daffa Nur Alif/Belajar-Yii1/yii1/framework/web/CWebApplication.php(282): CController->run()
#25 /home/lpt/Belajar Pemerograman - Muhammad Daffa Nur Alif/Belajar-Yii1/yii1/framework/web/CWebApplication.php(141): CWebApplication->runController()
#26 /home/lpt/Belajar Pemerograman - Muhammad Daffa Nur Alif/Belajar-Yii1/yii1/framework/base/CApplication.php(185): CWebApplication->processRequest()
#27 /home/lpt/Belajar Pemerograman - Muhammad Daffa Nur Alif/Belajar-Yii1/yii1/framework/index.php(13): CApplication->run()
#28 {main}
REQUEST_URI=/framework/index.php?r=peserta/create
HTTP_REFERER=http://localhost:8080/framework/index.php?r=peserta/index
---
2024/05/07 14:30:17 [error] [exception.CException] CException: Property "JadwalDiklat.tanggal_selesai" is not defined. in /home/lpt/Belajar Pemerograman - Muhammad Daffa Nur Alif/Belajar-Yii1/yii1/framework/base/CComponent.php:130
Stack trace:
#0 /home/lpt/Belajar Pemerograman - Muhammad Daffa Nur Alif/Belajar-Yii1/yii1/framework/db/ar/CActiveRecord.php(145): CComponent->__get()
#1 /home/lpt/Belajar Pemerograman - Muhammad Daffa Nur Alif/Belajar-Yii1/yii1/framework/web/helpers/CHtml.php(2784): CActiveRecord->__get()
#2 /home/lpt/Belajar Pemerograman - Muhammad Daffa Nur Alif/Belajar-Yii1/yii1/framework/web/helpers/CHtml.php(2507): CHtml::resolveValue()
#3 /home/lpt/Belajar Pemerograman - Muhammad Daffa Nur Alif/Belajar-Yii1/yii1/framework/web/helpers/CHtml.php(1554): CHtml::activeInputField()
#4 /home/lpt/Belajar Pemerograman - Muhammad Daffa Nur Alif/Belajar-Yii1/yii1/framework/zii/widgets/jui/CJuiDatePicker.php(84): CHtml::activeTextField()
#5 /home/lpt/Belajar Pemerograman - Muhammad Daffa Nur Alif/Belajar-Yii1/yii1/framework/web/CBaseController.php(182): CJuiDatePicker->run()
#6 /home/lpt/Belajar Pemerograman - Muhammad Daffa Nur Alif/Belajar-Yii1/yii1/framework/protected/views/jadwalDiklat/_form.php(62): CBaseController->widget()
#7 /home/lpt/Belajar Pemerograman - Muhammad Daffa Nur Alif/Belajar-Yii1/yii1/framework/web/CBaseController.php(126): require('...')
#8 /home/lpt/Belajar Pemerograman - Muhammad Daffa Nur Alif/Belajar-Yii1/yii1/framework/web/CBaseController.php(95): CBaseController->renderInternal()
#9 /home/lpt/Belajar Pemerograman - Muhammad Daffa Nur Alif/Belajar-Yii1/yii1/framework/web/CController.php(872): CBaseController->renderFile()
#10 /home/lpt/Belajar Pemerograman - Muhammad Daffa Nur Alif/Belajar-Yii1/yii1/framework/protected/views/jadwalDiklat/create.php(18): CController->renderPartial()
#11 /home/lpt/Belajar Pemerograman - Muhammad Daffa Nur Alif/Belajar-Yii1/yii1/framework/web/CBaseController.php(126): require('...')
#12 /home/lpt/Belajar Pemerograman - Muhammad Daffa Nur Alif/Belajar-Yii1/yii1/framework/web/CBaseController.php(95): CBaseController->renderInternal()
#13 /home/lpt/Belajar Pemerograman - Muhammad Daffa Nur Alif/Belajar-Yii1/yii1/framework/web/CController.php(872): CBaseController->renderFile()
#14 /home/lpt/Belajar Pemerograman - Muhammad Daffa Nur Alif/Belajar-Yii1/yii1/framework/web/CController.php(785): CController->renderPartial()
#15 /home/lpt/Belajar Pemerograman - Muhammad Daffa Nur Alif/Belajar-Yii1/yii1/framework/protected/controllers/JadwalDiklatController.php(78): CController->render()
#16 /home/lpt/Belajar Pemerograman - Muhammad Daffa Nur Alif/Belajar-Yii1/yii1/framework/web/actions/CInlineAction.php(49): JadwalDiklatController->actionCreate()
#17 /home/lpt/Belajar Pemerograman - Muhammad Daffa Nur Alif/Belajar-Yii1/yii1/framework/web/CController.php(308): CInlineAction->runWithParams()
#18 /home/lpt/Belajar Pemerograman - Muhammad Daffa Nur Alif/Belajar-Yii1/yii1/framework/web/filters/CFilterChain.php(134): CController->runAction()
#19 /home/lpt/Belajar Pemerograman - Muhammad Daffa Nur Alif/Belajar-Yii1/yii1/framework/web/filters/CFilter.php(40): CFilterChain->run()
#20 /home/lpt/Belajar Pemerograman - Muhammad Daffa Nur Alif/Belajar-Yii1/yii1/framework/web/CController.php(1148): CFilter->filter()
#21 /home/lpt/Belajar Pemerograman - Muhammad Daffa Nur Alif/Belajar-Yii1/yii1/framework/web/filters/CInlineFilter.php(58): CController->filterAccessControl()
#22 /home/lpt/Belajar Pemerograman - Muhammad Daffa Nur Alif/Belajar-Yii1/yii1/framework/web/filters/CFilterChain.php(131): CInlineFilter->filter()
#23 /home/lpt/Belajar Pemerograman - Muhammad Daffa Nur Alif/Belajar-Yii1/yii1/framework/web/CController.php(291): CFilterChain->run()
#24 /home/lpt/Belajar Pemerograman - Muhammad Daffa Nur Alif/Belajar-Yii1/yii1/framework/web/CController.php(265): CController->runActionWithFilters()
#25 /home/lpt/Belajar Pemerograman - Muhammad Daffa Nur Alif/Belajar-Yii1/yii1/framework/web/CWebApplication.php(282): CController->run()
#26 /home/lpt/Belajar Pemerograman - Muhammad Daffa Nur Alif/Belajar-Yii1/yii1/framework/web/CWebApplication.php(141): CWebApplication->runController()
#27 /home/lpt/Belajar Pemerograman - Muhammad Daffa Nur Alif/Belajar-Yii1/yii1/framework/base/CApplication.php(185): CWebApplication->processRequest()
#28 /home/lpt/Belajar Pemerograman - Muhammad Daffa Nur Alif/Belajar-Yii1/yii1/framework/index.php(13): CApplication->run()
#29 {main}
REQUEST_URI=/framework/index.php?r=jadwalDiklat/create
HTTP_REFERER=http://localhost:8080/framework/index.php?r=jadwalDiklat/index
---
2024/05/07 14:40:16 [error] [exception.CException] CException: Alias "zii.widgets.jui.CJuiTimePicker" is invalid. Make sure it points to an existing PHP file and the file is readable. in /home/lpt/Belajar Pemerograman - Muhammad Daffa Nur Alif/Belajar-Yii1/yii1/framework/YiiBase.php:330
Stack trace:
#0 /home/lpt/Belajar Pemerograman - Muhammad Daffa Nur Alif/Belajar-Yii1/yii1/framework/web/CWidgetFactory.php(146): YiiBase::import()
#1 /home/lpt/Belajar Pemerograman - Muhammad Daffa Nur Alif/Belajar-Yii1/yii1/framework/web/CBaseController.php(146): CWidgetFactory->createWidget()
#2 /home/lpt/Belajar Pemerograman - Muhammad Daffa Nur Alif/Belajar-Yii1/yii1/framework/web/CBaseController.php(181): CBaseController->createWidget()
#3 /home/lpt/Belajar Pemerograman - Muhammad Daffa Nur Alif/Belajar-Yii1/yii1/framework/protected/views/jadwalDiklat/_form.php(82): CBaseController->widget()
#4 /home/lpt/Belajar Pemerograman - Muhammad Daffa Nur Alif/Belajar-Yii1/yii1/framework/web/CBaseController.php(126): require('...')
#5 /home/lpt/Belajar Pemerograman - Muhammad Daffa Nur Alif/Belajar-Yii1/yii1/framework/web/CBaseController.php(95): CBaseController->renderInternal()
#6 /home/lpt/Belajar Pemerograman - Muhammad Daffa Nur Alif/Belajar-Yii1/yii1/framework/web/CController.php(872): CBaseController->renderFile()
#7 /home/lpt/Belajar Pemerograman - Muhammad Daffa Nur Alif/Belajar-Yii1/yii1/framework/protected/views/jadwalDiklat/create.php(18): CController->renderPartial()
#8 /home/lpt/Belajar Pemerograman - Muhammad Daffa Nur Alif/Belajar-Yii1/yii1/framework/web/CBaseController.php(126): require('...')
#9 /home/lpt/Belajar Pemerograman - Muhammad Daffa Nur Alif/Belajar-Yii1/yii1/framework/web/CBaseController.php(95): CBaseController->renderInternal()
#10 /home/lpt/Belajar Pemerograman - Muhammad Daffa Nur Alif/Belajar-Yii1/yii1/framework/web/CController.php(872): CBaseController->renderFile()
#11 /home/lpt/Belajar Pemerograman - Muhammad Daffa Nur Alif/Belajar-Yii1/yii1/framework/web/CController.php(785): CController->renderPartial()
#12 /home/lpt/Belajar Pemerograman - Muhammad Daffa Nur Alif/Belajar-Yii1/yii1/framework/protected/controllers/JadwalDiklatController.php(78): CController->render()
#13 /home/lpt/Belajar Pemerograman - Muhammad Daffa Nur Alif/Belajar-Yii1/yii1/framework/web/actions/CInlineAction.php(49): JadwalDiklatController->actionCreate()
#14 /home/lpt/Belajar Pemerograman - Muhammad Daffa Nur Alif/Belajar-Yii1/yii1/framework/web/CController.php(308): CInlineAction->runWithParams()
#15 /home/lpt/Belajar Pemerograman - Muhammad Daffa Nur Alif/Belajar-Yii1/yii1/framework/web/filters/CFilterChain.php(134): CController->runAction()
#16 /home/lpt/Belajar Pemerograman - Muhammad Daffa Nur Alif/Belajar-Yii1/yii1/framework/web/filters/CFilter.php(40): CFilterChain->run()
#17 /home/lpt/Belajar Pemerograman - Muhammad Daffa Nur Alif/Belajar-Yii1/yii1/framework/web/CController.php(1148): CFilter->filter()
#18 /home/lpt/Belajar Pemerograman - Muhammad Daffa Nur Alif/Belajar-Yii1/yii1/framework/web/filters/CInlineFilter.php(58): CController->filterAccessControl()
#19 /home/lpt/Belajar Pemerograman - Muhammad Daffa Nur Alif/Belajar-Yii1/yii1/framework/web/filters/CFilterChain.php(131): CInlineFilter->filter()
#20 /home/lpt/Belajar Pemerograman - Muhammad Daffa Nur Alif/Belajar-Yii1/yii1/framework/web/CController.php(291): CFilterChain->run()
#21 /home/lpt/Belajar Pemerograman - Muhammad Daffa Nur Alif/Belajar-Yii1/yii1/framework/web/CController.php(265): CController->runActionWithFilters()
#22 /home/lpt/Belajar Pemerograman - Muhammad Daffa Nur Alif/Belajar-Yii1/yii1/framework/web/CWebApplication.php(282): CController->run()
#23 /home/lpt/Belajar Pemerograman - Muhammad Daffa Nur Alif/Belajar-Yii1/yii1/framework/web/CWebApplication.php(141): CWebApplication->runController()
#24 /home/lpt/Belajar Pemerograman - Muhammad Daffa Nur Alif/Belajar-Yii1/yii1/framework/base/CApplication.php(185): CWebApplication->processRequest()
#25 /home/lpt/Belajar Pemerograman - Muhammad Daffa Nur Alif/Belajar-Yii1/yii1/framework/index.php(13): CApplication->run()
#26 {main}
REQUEST_URI=/framework/index.php?r=jadwalDiklat/create
HTTP_REFERER=http://localhost:8080/framework/index.php?r=jadwalDiklat/index
---
